*** Starting uWSGI 2.0.19.1 (64bit) on [Sat Jan 22 02:15:20 2022] ***
compiled with version: 10.2.1 20210110 on 22 January 2022 02:15:11
os: Linux-5.4.72-microsoft-standard-WSL2 #1 SMP Wed Oct 28 23:40:43 UTC 2020
nodename: be63cb439419
machine: x86_64
clock source: unix
pcre jit disabled
detected number of CPU cores: 12
current working directory: /app
detected binary path: /usr/local/bin/uwsgi
uWSGI running as root, you can use --uid/--gid/--chroot options
*** WARNING: you are running uWSGI as root !!! (use the --uid flag) *** 
your memory page size is 4096 bytes
detected max file descriptor number: 1048576
lock engine: pthread robust mutexes
thunder lock: disabled (you can enable it with --thunder-lock)
uwsgi socket 0 bound to UNIX address /tmp/uwsgi.sock fd 3
uWSGI running as root, you can use --uid/--gid/--chroot options
*** WARNING: you are running uWSGI as root !!! (use the --uid flag) *** 
Python version: 3.9.7 (default, Oct 13 2021, 09:00:49)  [GCC 10.2.1 20210110]
*** Python threads support is disabled. You can enable it with --enable-threads ***
Python main interpreter initialized at 0x55f5e9e20ed0
uWSGI running as root, you can use --uid/--gid/--chroot options
*** WARNING: you are running uWSGI as root !!! (use the --uid flag) *** 
your server socket listen backlog is limited to 100 connections
your mercy for graceful operations on workers is 60 seconds
mapped 145840 bytes (142 KB) for 1 cores
*** Operational MODE: single process ***
WSGI app 0 (mountpoint='') ready in 1 seconds on interpreter 0x55f5e9e20ed0 pid: 1 (default app)
mountpoint  already configured. skip.
uWSGI running as root, you can use --uid/--gid/--chroot options
*** WARNING: you are running uWSGI as root !!! (use the --uid flag) *** 
*** uWSGI is running in multiple interpreter mode ***
spawned uWSGI master process (pid: 1)
spawned uWSGI worker 1 (pid: 7, cores: 1)
[pid: 7|app: 0|req: 1/1] 172.24.0.1 () {58 vars in 1118 bytes} [Sat Jan 22 02:18:25 2022] GET / => generated 32 bytes in 6 msecs (HTTP/1.1 200) 2 headers in 79 bytes (1 switches on core 0)
[pid: 7|app: 0|req: 2/2] 172.24.0.1 () {56 vars in 1045 bytes} [Sat Jan 22 02:18:26 2022] GET /favicon.ico => generated 232 bytes in 2 msecs (HTTP/1.1 404) 2 headers in 87 bytes (1 switches on core 0)
